<html>
<head>
<title>TestNG:  Chrome Test</title>
<link href="../testng.css" rel="stylesheet" type="text/css" />
<link href="../my-testng.css" rel="stylesheet" type="text/css" />

<style type="text/css">
.log { display: none;} 
.stack-trace { display: none;} 
</style>
<script type="text/javascript">
<!--
function flip(e) {
  current = e.style.display;
  if (current == 'block') {
    e.style.display = 'none';
    return 0;
  }
  else {
    e.style.display = 'block';
    return 1;
  }
}

function toggleBox(szDivId, elem, msg1, msg2)
{
  var res = -1;  if (document.getElementById) {
    res = flip(document.getElementById(szDivId));
  }
  else if (document.all) {
    // this is the way old msie versions work
    res = flip(document.all[szDivId]);
  }
  if(elem) {
    if(res == 0) elem.innerHTML = msg1; else elem.innerHTML = msg2;
  }

}

function toggleAllBoxes() {
  if (document.getElementsByTagName) {
    d = document.getElementsByTagName('div');
    for (i = 0; i < d.length; i++) {
      if (d[i].className == 'log') {
        flip(d[i]);
      }
    }
  }
}

// -->
</script>

</head>
<body>
<h2 align='center'>Chrome Test</h2><table border='1' align="center">
<tr>
<td>Tests passed/Failed/Skipped:</td><td>10/0/1</td>
</tr><tr>
<td>Started on:</td><td>Sun Oct 31 11:15:07 IST 2021</td>
</tr>
<tr><td>Total time:</td><td>552 seconds (552318 ms)</td>
</tr><tr>
<td>Included groups:</td><td></td>
</tr><tr>
<td>Excluded groups:</td><td></td>
</tr>
</table><p/>
<small><i>(Hover the method name to see the test class name)</i></small><p/>
<table width='100%' border='1' class='invocation-passed'>
<tr><td colspan='4' align='center'><b>PASSED TESTS</b></td></tr>
<tr><td><b>Test method</b></td>
<td width="30%"><b>Exception</b></td>
<td width="10%"><b>Time (seconds)</b></td>
<td><b>Instance</b></td>
</tr>
<tr>
<td title='selenium.POM.ThreadLocal.testcases.S012.S0131_DeleteAccount.deleteAcount()'><b>deleteAcount</b><br>Test class: selenium.POM.ThreadLocal.testcases.S012.S0131_DeleteAccount<br>Parameters: Chris Kong</td>
<td></td>
<td>32</td>
<td>selenium.POM.ThreadLocal.testcases.S012.S0131_DeleteAccount@183ec003</td></tr>
<tr>
<td title='selenium.POM.ThreadLocal.testcases.S012.S0129_CreateNewAcount.newAccountCreate()'><b>newAccountCreate</b><br>Test class: selenium.POM.ThreadLocal.testcases.S012.S0129_CreateNewAcount<br>Parameters: Chris Kong, Subsidiary</td>
<td></td>
<td>31</td>
<td>selenium.POM.ThreadLocal.testcases.S012.S0129_CreateNewAcount@1750fbeb</td></tr>
<tr>
<td title='selenium.POM.ThreadLocal.testcases.S012.S0130_EditAccount.editAcount()'><b>editAcount</b><br>Test class: selenium.POM.ThreadLocal.testcases.S012.S0130_EditAccount<br>Parameters: David William, Technology Partner, Engineering, Test Billing Street,Chengalpet,TamilNadu,600073,IND, Test Shipping Street,Chengalpet,TamilNadu,600073,IND, Medium, Platinum, No, 66953201, Maybe</td>
<td></td>
<td>46</td>
<td>selenium.POM.ThreadLocal.testcases.S012.S0130_EditAccount@231f98ef</td></tr>
<tr>
<td title='selenium.POM.ThreadLocal.testcases.S012.S0130_EditAccount.editAcount()'><b>editAcount</b><br>Test class: selenium.POM.ThreadLocal.testcases.S012.S0130_EditAccount<br>Parameters: Frank Jones, Customer - Channel, Electronics, Test Billing Street,Chennai,TamilNadu,66584,IND, Test Shipping Street,Chennai,TamilNadu,66584,IND, Low, Silver, No, 22953021, No</td>
<td></td>
<td>42</td>
<td>selenium.POM.ThreadLocal.testcases.S012.S0130_EditAccount@231f98ef</td></tr>
<tr>
<td title='selenium.POM.ThreadLocal.testcases.S012.S0131_DeleteAccount.deleteAcount()'><b>deleteAcount</b><br>Test class: selenium.POM.ThreadLocal.testcases.S012.S0131_DeleteAccount<br>Parameters: Frank Jones</td>
<td></td>
<td>26</td>
<td>selenium.POM.ThreadLocal.testcases.S012.S0131_DeleteAccount@183ec003</td></tr>
<tr>
<td title='selenium.POM.ThreadLocal.testcases.S012.S0131_DeleteAccount.deleteAcount()'><b>deleteAcount</b><br>Test class: selenium.POM.ThreadLocal.testcases.S012.S0131_DeleteAccount<br>Parameters: David William</td>
<td></td>
<td>32</td>
<td>selenium.POM.ThreadLocal.testcases.S012.S0131_DeleteAccount@183ec003</td></tr>
<tr>
<td title='selenium.POM.ThreadLocal.testcases.S012.S0129_CreateNewAcount.newAccountCreate()'><b>newAccountCreate</b><br>Test class: selenium.POM.ThreadLocal.testcases.S012.S0129_CreateNewAcount<br>Parameters: Frank Jones, Private</td>
<td></td>
<td>31</td>
<td>selenium.POM.ThreadLocal.testcases.S012.S0129_CreateNewAcount@1750fbeb</td></tr>
<tr>
<td title='selenium.POM.ThreadLocal.testcases.S012.S0130_EditAccount.editAcount()'><b>editAcount</b><br>Test class: selenium.POM.ThreadLocal.testcases.S012.S0130_EditAccount<br>Parameters: Chris Kong, Customer - Direct, Construction, Test Billing Street,Madurai,TamilNadu,68541,IND, Test Shipping Street,Madurai,TamilNadu,68541,IND, High, Gold, Yes, 55452012, Yes</td>
<td></td>
<td>42</td>
<td>selenium.POM.ThreadLocal.testcases.S012.S0130_EditAccount@231f98ef</td></tr>
<tr>
<td title='selenium.POM.ThreadLocal.testcases.S012.S0129_CreateNewAcount.newAccountCreate()'><b>newAccountCreate</b><br>Test class: selenium.POM.ThreadLocal.testcases.S012.S0129_CreateNewAcount<br>Parameters: David William, Public</td>
<td></td>
<td>30</td>
<td>selenium.POM.ThreadLocal.testcases.S012.S0129_CreateNewAcount@1750fbeb</td></tr>
<tr>
<td title='selenium.POM.ThreadLocal.testcases.S012.S0132_SortAccounts.sortAcount()'><b>sortAcount</b><br>Test class: selenium.POM.ThreadLocal.testcases.S012.S0132_SortAccounts</td>
<td></td>
<td>35</td>
<td>selenium.POM.ThreadLocal.testcases.S012.S0132_SortAccounts@221a3fa4</td></tr>
</table><p>
<table width='100%' border='1' class='invocation-skipped'>
<tr><td colspan='4' align='center'><b>SKIPPED TESTS</b></td></tr>
<tr><td><b>Test method</b></td>
<td width="30%"><b>Exception</b></td>
<td width="10%"><b>Time (seconds)</b></td>
<td><b>Instance</b></td>
</tr>
<tr>
<td title='selenium.POM.ThreadLocal.testcases.S012.S0130_EditAccount.editAcount()'><b>editAcount</b><br>Test class: selenium.POM.ThreadLocal.testcases.S012.S0130_EditAccount<br>Parameters: Frank Jones, Customer - Channel, Electronics, Test Billing Street,Chennai,TamilNadu,66584,IND, Test Shipping Street,Chennai,TamilNadu,66584,IND, Low, Silver, No, 22953021, No</td>
<td><div><pre>org.openqa.selenium.StaleElementReferenceException: stale element reference: element is not attached to the page document
  (Session info: chrome=95.0.4638.54)
For documentation on this error, please visit: https://selenium.dev/exceptions/#stale_element_reference
Build info: version: &apos;4.0.0-rc-2&apos;, revision: &apos;8d1e4aa5ae&apos;
System info: host: &apos;DESKTOP-BI2JSEP&apos;, ip: &apos;192.168.0.186&apos;, os.name: &apos;Windows 10&apos;, os.arch: &apos;amd64&apos;, os.version: &apos;10.0&apos;, java.version: &apos;16.0.1&apos;
Driver info: org.openqa.selenium.chrome.ChromeDriver
Command: [57dfa0051830c40e837040ccfd5bb58b, getElementText {id=43619c59-7312-4dd4-aa74-8ee936b4f327}]
Capabilities {acceptInsecureCerts: false, browserName: chrome, browserVersion: 95.0.4638.54, chrome: {chromedriverVersion: 95.0.4638.54 (d31a821ec901f..., userDataDir: C:\Users\velsp\AppData\Loca...}, goog:chromeOptions: {debuggerAddress: localhost:57278}, javascriptEnabled: true, networkConnectionEnabled: false, pageLoadStrategy: normal, platform: WINDOWS, platformName: WINDOWS, proxy: Proxy(), se:cdp: ws://localhost:57278/devtoo..., se:cdpVersion: 95.0.4638.54, setWindowRect: true, strictFileInteractability: false, timeouts: {implicit: 0, pageLoad: 300000, script: 30000}, unhandledPromptBehavior: dismiss and notify, webauthn:extension:credBlob: true, webauthn:extension:largeBlob: true, webauthn:virtualAuthenticators: true}
Element: [[ChromeDriver: chrome on WINDOWS (57dfa0051830c40e837040ccfd5bb58b)] -&gt; xpath: //table[contains(@class,&apos;forceRecordLayout&apos;)]/tbody/tr[1]/td[4]//span[contains(@class,&apos;forceOutputPhone&apos;)]]
Session ID: 57dfa0051830c40e837040ccfd5bb58b
	at org.openqa.selenium.remote.codec.w3c.W3CHttpResponseCodec.createException(W3CHttpResponseCodec.java:200)
	at org.openqa.selenium.remote.codec.w3c.W3CHttpResponseCodec.decode(W3CHttpResponseCodec.java:133)
	at org.openqa.selenium.remote.codec.w3c.W3CHttpResponseCodec.decode(W3CHttpResponseCodec.java:53)
	at org.openqa.selenium.remote.HttpCommandExecutor.execute(HttpCommandExecutor.java:184)
	at org.openqa.selenium.remote.service.DriverCommandExecutor.invokeExecute(DriverCommandExecutor.java:164)
	at org.openqa.selenium.remote.service.DriverCommandExecutor.execute(DriverCommandExecutor.java:139)
	at org.openqa.selenium.remote.RemoteWebDriver.execute(RemoteWebDriver.java:559)
	at org.openqa.selenium.remote.RemoteWebElement.execute(RemoteWebElement.java:251)
	at org.openqa.selenium.remote.RemoteWebElement.getText(RemoteWebElement.java:201)
	at selenium.POM.ThreadLocal.pages.AccountsPage.verifyPhoneNumber(AccountsPage.java:92)
	at selenium.POM.ThreadLocal.testcases.S012.S0130_EditAccount.editAcount(S0130_EditAccount.java:61)
	at java.base/java.util.ArrayList.forEach(ArrayList.java:1511)
	at java.base/java.util.concurrent.FutureTask.run(FutureTask.java:264)
	at java.base/java.util.concurrent.ThreadPoolExecutor.runWorker(ThreadPoolExecutor.java:1130)
	at java.base/java.util.concurrent.ThreadPoolExecutor$Worker.run(ThreadPoolExecutor.java:630)
	at java.base/java.lang.Thread.run(Thread.java:831)
... Removed 23 stack frames</pre></div><a href='#' onClick='toggleBox("stack-trace435315834", this, "Click to show all stack frames", "Click to hide stack frames")'>Click to show all stack frames</a>
<div class='stack-trace' id='stack-trace435315834'><pre>org.openqa.selenium.StaleElementReferenceException: stale element reference: element is not attached to the page document
  (Session info: chrome=95.0.4638.54)
For documentation on this error, please visit: https://selenium.dev/exceptions/#stale_element_reference
Build info: version: &apos;4.0.0-rc-2&apos;, revision: &apos;8d1e4aa5ae&apos;
System info: host: &apos;DESKTOP-BI2JSEP&apos;, ip: &apos;192.168.0.186&apos;, os.name: &apos;Windows 10&apos;, os.arch: &apos;amd64&apos;, os.version: &apos;10.0&apos;, java.version: &apos;16.0.1&apos;
Driver info: org.openqa.selenium.chrome.ChromeDriver
Command: [57dfa0051830c40e837040ccfd5bb58b, getElementText {id=43619c59-7312-4dd4-aa74-8ee936b4f327}]
Capabilities {acceptInsecureCerts: false, browserName: chrome, browserVersion: 95.0.4638.54, chrome: {chromedriverVersion: 95.0.4638.54 (d31a821ec901f..., userDataDir: C:\Users\velsp\AppData\Loca...}, goog:chromeOptions: {debuggerAddress: localhost:57278}, javascriptEnabled: true, networkConnectionEnabled: false, pageLoadStrategy: normal, platform: WINDOWS, platformName: WINDOWS, proxy: Proxy(), se:cdp: ws://localhost:57278/devtoo..., se:cdpVersion: 95.0.4638.54, setWindowRect: true, strictFileInteractability: false, timeouts: {implicit: 0, pageLoad: 300000, script: 30000}, unhandledPromptBehavior: dismiss and notify, webauthn:extension:credBlob: true, webauthn:extension:largeBlob: true, webauthn:virtualAuthenticators: true}
Element: [[ChromeDriver: chrome on WINDOWS (57dfa0051830c40e837040ccfd5bb58b)] -&gt; xpath: //table[contains(@class,&apos;forceRecordLayout&apos;)]/tbody/tr[1]/td[4]//span[contains(@class,&apos;forceOutputPhone&apos;)]]
Session ID: 57dfa0051830c40e837040ccfd5bb58b
	at java.base/jdk.internal.reflect.NativeConstructorAccessorImpl.newInstance0(Native Method)
	at java.base/jdk.internal.reflect.NativeConstructorAccessorImpl.newInstance(NativeConstructorAccessorImpl.java:78)
	at java.base/jdk.internal.reflect.DelegatingConstructorAccessorImpl.newInstance(DelegatingConstructorAccessorImpl.java:45)
	at java.base/java.lang.reflect.Constructor.newInstanceWithCaller(Constructor.java:499)
	at java.base/java.lang.reflect.Constructor.newInstance(Constructor.java:480)
	at org.openqa.selenium.remote.codec.w3c.W3CHttpResponseCodec.createException(W3CHttpResponseCodec.java:200)
	at org.openqa.selenium.remote.codec.w3c.W3CHttpResponseCodec.decode(W3CHttpResponseCodec.java:133)
	at org.openqa.selenium.remote.codec.w3c.W3CHttpResponseCodec.decode(W3CHttpResponseCodec.java:53)
	at org.openqa.selenium.remote.HttpCommandExecutor.execute(HttpCommandExecutor.java:184)
	at org.openqa.selenium.remote.service.DriverCommandExecutor.invokeExecute(DriverCommandExecutor.java:164)
	at org.openqa.selenium.remote.service.DriverCommandExecutor.execute(DriverCommandExecutor.java:139)
	at org.openqa.selenium.remote.RemoteWebDriver.execute(RemoteWebDriver.java:559)
	at org.openqa.selenium.remote.RemoteWebElement.execute(RemoteWebElement.java:251)
	at org.openqa.selenium.remote.RemoteWebElement.getText(RemoteWebElement.java:201)
	at selenium.POM.ThreadLocal.pages.AccountsPage.verifyPhoneNumber(AccountsPage.java:92)
	at selenium.POM.ThreadLocal.testcases.S012.S0130_EditAccount.editAcount(S0130_EditAccount.java:61)
	at java.base/jdk.internal.reflect.NativeMethodAccessorImpl.invoke0(Native Method)
	at java.base/jdk.internal.reflect.NativeMethodAccessorImpl.invoke(NativeMethodAccessorImpl.java:78)
	at java.base/jdk.internal.reflect.DelegatingMethodAccessorImpl.invoke(DelegatingMethodAccessorImpl.java:43)
	at java.base/java.lang.reflect.Method.invoke(Method.java:567)
	at org.testng.internal.MethodInvocationHelper.invokeMethod(MethodInvocationHelper.java:133)
	at org.testng.internal.TestInvoker.invokeMethod(TestInvoker.java:598)
	at org.testng.internal.TestInvoker.invokeTestMethod(TestInvoker.java:173)
	at org.testng.internal.MethodRunner.runInSequence(MethodRunner.java:46)
	at org.testng.internal.TestInvoker$MethodInvocationAgent.invoke(TestInvoker.java:824)
	at org.testng.internal.TestInvoker.invokeTestMethods(TestInvoker.java:146)
	at org.testng.internal.TestMethodWorker.invokeTestMethods(TestMethodWorker.java:146)
	at org.testng.internal.TestMethodWorker.run(TestMethodWorker.java:128)
	at java.base/java.util.ArrayList.forEach(ArrayList.java:1511)
	at org.testng.TestRunner.privateRun(TestRunner.java:794)
	at org.testng.TestRunner.run(TestRunner.java:596)
	at org.testng.SuiteRunner.runTest(SuiteRunner.java:377)
	at org.testng.SuiteRunner.access$000(SuiteRunner.java:28)
	at org.testng.SuiteRunner$SuiteWorker.run(SuiteRunner.java:418)
	at org.testng.internal.thread.ThreadUtil.lambda$execute$0(ThreadUtil.java:64)
	at java.base/java.util.concurrent.FutureTask.run(FutureTask.java:264)
	at java.base/java.util.concurrent.ThreadPoolExecutor.runWorker(ThreadPoolExecutor.java:1130)
	at java.base/java.util.concurrent.ThreadPoolExecutor$Worker.run(ThreadPoolExecutor.java:630)
	at java.base/java.lang.Thread.run(Thread.java:831)
</pre></div></td>
<td>44</td>
<td>selenium.POM.ThreadLocal.testcases.S012.S0130_EditAccount@231f98ef</td></tr>
</table><p>
</body>
</html>