<?xml version="1.0" encoding="UTF-8"?>
<!-- Generated by org.testng.reporters.JUnitXMLReporter -->
<testsuite ignored="0" hostname="DESKTOP-BI2JSEP" failures="3" tests="14" name="Firefox Test" time="782.75" errors="0" timestamp="2021-10-31T11:28:10 IST">
  <testcase classname="selenium.POM.ThreadLocal.testcases.S012.S0129_CreateNewAcount" name="newAccountCreate" time="29.114"/>
  <testcase classname="selenium.POM.ThreadLocal.testcases.S012.S0129_CreateNewAcount" name="newAccountCreate" time="29.005"/>
  <testcase classname="selenium.POM.ThreadLocal.testcases.S012.S0129_CreateNewAcount" name="newAccountCreate" time="51.252"/>
  <testcase classname="selenium.POM.ThreadLocal.testcases.S012.S0130_EditAccount" name="editAcount" time="36.866"/>
  <testcase classname="selenium.POM.ThreadLocal.testcases.S012.S0130_EditAccount" name="editAcount" time="35.423"/>
  <testcase classname="selenium.POM.ThreadLocal.testcases.S012.S0130_EditAccount" name="editAcount" time="36.443"/>
  <testcase classname="selenium.POM.ThreadLocal.testcases.S012.S0131_DeleteAccount" name="deleteAcount" time="34.019">
    <skipped/>
  </testcase> <!-- deleteAcount -->
  <testcase classname="selenium.POM.ThreadLocal.testcases.S012.S0131_DeleteAccount" name="deleteAcount" time="53.334">
    <failure type="org.openqa.selenium.TimeoutException" message="Expected condition failed: waiting for text (&amp;apos;David William&amp;apos;) to be present in element found by By.xpath: //table[contains(@class,&amp;apos;forceRecordLayout&amp;apos;)]/tbody/tr/th//a (tried for 10 second(s) with 500 milliseconds interval)">
      <![CDATA[org.openqa.selenium.TimeoutException: Expected condition failed: waiting for text ('David William') to be present in element found by By.xpath: //table[contains(@class,'forceRecordLayout')]/tbody/tr/th//a (tried for 10 second(s) with 500 milliseconds interval)
at org.openqa.selenium.support.ui.WebDriverWait.timeoutException(WebDriverWait.java:138)
at org.openqa.selenium.support.ui.FluentWait.until(FluentWait.java:231)
at selenium.POM.ThreadLocal.pages.AccountsPage.clickDeleteForAccount(AccountsPage.java:65)
at selenium.POM.ThreadLocal.testcases.S012.S0131_DeleteAccount.deleteAcount(S0131_DeleteAccount.java:40)
at java.base/java.util.ArrayList.forEach(ArrayList.java:1511)
at java.base/java.util.concurrent.FutureTask.run(FutureTask.java:264)
at java.base/java.util.concurrent.ThreadPoolExecutor.runWorker(ThreadPoolExecutor.java:1130)
at java.base/java.util.concurrent.ThreadPoolExecutor$Worker.run(ThreadPoolExecutor.java:630)
at java.base/java.lang.Thread.run(Thread.java:831)
Caused by: org.openqa.selenium.NoSuchElementException: Unable to locate element: //table[contains(@class,'forceRecordLayout')]/tbody/tr/th//a
For documentation on this error, please visit: https://selenium.dev/exceptions/#no_such_element
Build info: version: '4.0.0-rc-2', revision: '8d1e4aa5ae'
System info: host: 'DESKTOP-BI2JSEP', ip: '192.168.0.186', os.name: 'Windows 10', os.arch: 'amd64', os.version: '10.0', java.version: '16.0.1'
Driver info: org.openqa.selenium.firefox.FirefoxDriver
Command: [7ad36028-7eef-4af0-96be-a086a50cd8d6, findElement {using=xpath, value=//table[contains(@class,'forceRecordLayout')]/tbody/tr/th//a}]
Capabilities {acceptInsecureCerts: true, browserName: firefox, browserVersion: 93.0, javascriptEnabled: true, moz:accessibilityChecks: false, moz:buildID: 20210927210923, moz:debuggerAddress: localhost:9539, moz:geckodriverVersion: 0.30.0, moz:headless: false, moz:processID: 28860, moz:profile: C:\Users\velsp\AppData\Loca..., moz:shutdownTimeout: 60000, moz:useNonSpecCompliantPointerOrigin: false, moz:webdriverClick: true, pageLoadStrategy: normal, platform: WINDOWS, platformName: WINDOWS, platformVersion: 10.0, proxy: Proxy(), se:cdp: ws://localhost:9539/devtool..., se:cdpVersion: 85, setWindowRect: true, strictFileInteractability: false, timeouts: {implicit: 0, pageLoad: 300000, script: 30000}, unhandledPromptBehavior: dismiss and notify}
Session ID: 7ad36028-7eef-4af0-96be-a086a50cd8d6
at org.openqa.selenium.remote.codec.w3c.W3CHttpResponseCodec.createException(W3CHttpResponseCodec.java:200)
at org.openqa.selenium.remote.codec.w3c.W3CHttpResponseCodec.decode(W3CHttpResponseCodec.java:133)
at org.openqa.selenium.remote.codec.w3c.W3CHttpResponseCodec.decode(W3CHttpResponseCodec.java:53)
at org.openqa.selenium.remote.HttpCommandExecutor.execute(HttpCommandExecutor.java:184)
at org.openqa.selenium.remote.service.DriverCommandExecutor.invokeExecute(DriverCommandExecutor.java:164)
at org.openqa.selenium.remote.service.DriverCommandExecutor.execute(DriverCommandExecutor.java:139)
at org.openqa.selenium.remote.RemoteWebDriver.execute(RemoteWebDriver.java:559)
at org.openqa.selenium.remote.ElementLocation$ElementFinder$2.findElement(ElementLocation.java:162)
at org.openqa.selenium.remote.ElementLocation.findElement(ElementLocation.java:60)
at org.openqa.selenium.remote.RemoteWebDriver.findElement(RemoteWebDriver.java:383)
at org.openqa.selenium.remote.RemoteWebDriver.findElement(RemoteWebDriver.java:375)
at org.openqa.selenium.support.ui.ExpectedConditions$13.apply(ExpectedConditions.java:375)
at org.openqa.selenium.support.ui.ExpectedConditions$13.apply(ExpectedConditions.java:371)
at org.openqa.selenium.support.ui.FluentWait.until(FluentWait.java:208)
... 25 more
... Removed 23 stack frames]]>
    </failure>
  </testcase> <!-- deleteAcount -->
  <testcase classname="selenium.POM.ThreadLocal.testcases.S012.S0131_DeleteAccount" name="deleteAcount" time="47.12">
    <skipped/>
  </testcase> <!-- deleteAcount -->
  <testcase classname="selenium.POM.ThreadLocal.testcases.S012.S0131_DeleteAccount" name="deleteAcount" time="31.389">
    <failure type="org.openqa.selenium.TimeoutException" message="Expected condition failed: waiting for text (&amp;apos;Frank Jones&amp;apos;) to be present in element found by By.xpath: //table[contains(@class,&amp;apos;forceRecordLayout&amp;apos;)]/tbody/tr/th//a (tried for 10 second(s) with 500 milliseconds interval)
Build info: version: &amp;apos;4.0.0-rc-2&amp;apos;, revision: &amp;apos;8d1e4aa5ae&amp;apos;
System info: host: &amp;apos;DESKTOP-BI2JSEP&amp;apos;, ip: &amp;apos;192.168.0.186&amp;apos;, os.name: &amp;apos;Windows 10&amp;apos;, os.arch: &amp;apos;amd64&amp;apos;, os.version: &amp;apos;10.0&amp;apos;, java.version: &amp;apos;16.0.1&amp;apos;
Driver info: org.openqa.selenium.firefox.FirefoxDriver
Capabilities {acceptInsecureCerts: true, browserName: firefox, browserVersion: 93.0, javascriptEnabled: true, moz:accessibilityChecks: false, moz:buildID: 20210927210923, moz:debuggerAddress: localhost:47367, moz:geckodriverVersion: 0.30.0, moz:headless: false, moz:processID: 15108, moz:profile: C:\Users\velsp\AppData\Loca..., moz:shutdownTimeout: 60000, moz:useNonSpecCompliantPointerOrigin: false, moz:webdriverClick: true, pageLoadStrategy: normal, platform: WINDOWS, platformName: WINDOWS, platformVersion: 10.0, proxy: Proxy(), se:cdp: ws://localhost:47367/devtoo..., se:cdpVersion: 85, setWindowRect: true, strictFileInteractability: false, timeouts: {implicit: 0, pageLoad: 300000, script: 30000}, unhandledPromptBehavior: dismiss and notify}
Session ID: 066a446e-226a-42bb-aa36-70fb4e979405">
      <![CDATA[org.openqa.selenium.TimeoutException: Expected condition failed: waiting for text ('Frank Jones') to be present in element found by By.xpath: //table[contains(@class,'forceRecordLayout')]/tbody/tr/th//a (tried for 10 second(s) with 500 milliseconds interval)
Build info: version: '4.0.0-rc-2', revision: '8d1e4aa5ae'
System info: host: 'DESKTOP-BI2JSEP', ip: '192.168.0.186', os.name: 'Windows 10', os.arch: 'amd64', os.version: '10.0', java.version: '16.0.1'
Driver info: org.openqa.selenium.firefox.FirefoxDriver
Capabilities {acceptInsecureCerts: true, browserName: firefox, browserVersion: 93.0, javascriptEnabled: true, moz:accessibilityChecks: false, moz:buildID: 20210927210923, moz:debuggerAddress: localhost:47367, moz:geckodriverVersion: 0.30.0, moz:headless: false, moz:processID: 15108, moz:profile: C:\Users\velsp\AppData\Loca..., moz:shutdownTimeout: 60000, moz:useNonSpecCompliantPointerOrigin: false, moz:webdriverClick: true, pageLoadStrategy: normal, platform: WINDOWS, platformName: WINDOWS, platformVersion: 10.0, proxy: Proxy(), se:cdp: ws://localhost:47367/devtoo..., se:cdpVersion: 85, setWindowRect: true, strictFileInteractability: false, timeouts: {implicit: 0, pageLoad: 300000, script: 30000}, unhandledPromptBehavior: dismiss and notify}
Session ID: 066a446e-226a-42bb-aa36-70fb4e979405
at org.openqa.selenium.support.ui.WebDriverWait.timeoutException(WebDriverWait.java:138)
at org.openqa.selenium.support.ui.FluentWait.until(FluentWait.java:231)
at selenium.POM.ThreadLocal.pages.AccountsPage.clickDeleteForAccount(AccountsPage.java:65)
at selenium.POM.ThreadLocal.testcases.S012.S0131_DeleteAccount.deleteAcount(S0131_DeleteAccount.java:40)
at java.base/java.util.ArrayList.forEach(ArrayList.java:1511)
at java.base/java.util.concurrent.FutureTask.run(FutureTask.java:264)
at java.base/java.util.concurrent.ThreadPoolExecutor.runWorker(ThreadPoolExecutor.java:1130)
at java.base/java.util.concurrent.ThreadPoolExecutor$Worker.run(ThreadPoolExecutor.java:630)
at java.base/java.lang.Thread.run(Thread.java:831)
... Removed 18 stack frames]]>
    </failure>
  </testcase> <!-- deleteAcount -->
  <testcase classname="selenium.POM.ThreadLocal.testcases.S012.S0131_DeleteAccount" name="deleteAcount" time="42.339">
    <skipped/>
  </testcase> <!-- deleteAcount -->
  <testcase classname="selenium.POM.ThreadLocal.testcases.S012.S0131_DeleteAccount" name="deleteAcount" time="41.899">
    <failure type="org.openqa.selenium.TimeoutException" message="Expected condition failed: waiting for text (&amp;apos;Chris Kong&amp;apos;) to be present in element found by By.xpath: //table[contains(@class,&amp;apos;forceRecordLayout&amp;apos;)]/tbody/tr/th//a (tried for 10 second(s) with 500 milliseconds interval)">
      <![CDATA[org.openqa.selenium.TimeoutException: Expected condition failed: waiting for text ('Chris Kong') to be present in element found by By.xpath: //table[contains(@class,'forceRecordLayout')]/tbody/tr/th//a (tried for 10 second(s) with 500 milliseconds interval)
at org.openqa.selenium.support.ui.WebDriverWait.timeoutException(WebDriverWait.java:138)
at org.openqa.selenium.support.ui.FluentWait.until(FluentWait.java:231)
at selenium.POM.ThreadLocal.pages.AccountsPage.clickDeleteForAccount(AccountsPage.java:65)
at selenium.POM.ThreadLocal.testcases.S012.S0131_DeleteAccount.deleteAcount(S0131_DeleteAccount.java:40)
at java.base/java.util.ArrayList.forEach(ArrayList.java:1511)
at java.base/java.util.concurrent.FutureTask.run(FutureTask.java:264)
at java.base/java.util.concurrent.ThreadPoolExecutor.runWorker(ThreadPoolExecutor.java:1130)
at java.base/java.util.concurrent.ThreadPoolExecutor$Worker.run(ThreadPoolExecutor.java:630)
at java.base/java.lang.Thread.run(Thread.java:831)
Caused by: org.openqa.selenium.NoSuchElementException: Unable to locate element: //table[contains(@class,'forceRecordLayout')]/tbody/tr/th//a
For documentation on this error, please visit: https://selenium.dev/exceptions/#no_such_element
Build info: version: '4.0.0-rc-2', revision: '8d1e4aa5ae'
System info: host: 'DESKTOP-BI2JSEP', ip: '192.168.0.186', os.name: 'Windows 10', os.arch: 'amd64', os.version: '10.0', java.version: '16.0.1'
Driver info: org.openqa.selenium.firefox.FirefoxDriver
Command: [37b441a5-d1e8-45b6-88e3-41567797186b, findElement {using=xpath, value=//table[contains(@class,'forceRecordLayout')]/tbody/tr/th//a}]
Capabilities {acceptInsecureCerts: true, browserName: firefox, browserVersion: 93.0, javascriptEnabled: true, moz:accessibilityChecks: false, moz:buildID: 20210927210923, moz:debuggerAddress: localhost:47241, moz:geckodriverVersion: 0.30.0, moz:headless: false, moz:processID: 6028, moz:profile: C:\Users\velsp\AppData\Loca..., moz:shutdownTimeout: 60000, moz:useNonSpecCompliantPointerOrigin: false, moz:webdriverClick: true, pageLoadStrategy: normal, platform: WINDOWS, platformName: WINDOWS, platformVersion: 10.0, proxy: Proxy(), se:cdp: ws://localhost:47241/devtoo..., se:cdpVersion: 85, setWindowRect: true, strictFileInteractability: false, timeouts: {implicit: 0, pageLoad: 300000, script: 30000}, unhandledPromptBehavior: dismiss and notify}
Session ID: 37b441a5-d1e8-45b6-88e3-41567797186b
at org.openqa.selenium.remote.codec.w3c.W3CHttpResponseCodec.createException(W3CHttpResponseCodec.java:200)
at org.openqa.selenium.remote.codec.w3c.W3CHttpResponseCodec.decode(W3CHttpResponseCodec.java:133)
at org.openqa.selenium.remote.codec.w3c.W3CHttpResponseCodec.decode(W3CHttpResponseCodec.java:53)
at org.openqa.selenium.remote.HttpCommandExecutor.execute(HttpCommandExecutor.java:184)
at org.openqa.selenium.remote.service.DriverCommandExecutor.invokeExecute(DriverCommandExecutor.java:164)
at org.openqa.selenium.remote.service.DriverCommandExecutor.execute(DriverCommandExecutor.java:139)
at org.openqa.selenium.remote.RemoteWebDriver.execute(RemoteWebDriver.java:559)
at org.openqa.selenium.remote.ElementLocation$ElementFinder$2.findElement(ElementLocation.java:162)
at org.openqa.selenium.remote.ElementLocation.findElement(ElementLocation.java:60)
at org.openqa.selenium.remote.RemoteWebDriver.findElement(RemoteWebDriver.java:383)
at org.openqa.selenium.remote.RemoteWebDriver.findElement(RemoteWebDriver.java:375)
at org.openqa.selenium.support.ui.ExpectedConditions$13.apply(ExpectedConditions.java:375)
at org.openqa.selenium.support.ui.ExpectedConditions$13.apply(ExpectedConditions.java:371)
at org.openqa.selenium.support.ui.FluentWait.until(FluentWait.java:208)
... 25 more
... Removed 23 stack frames]]>
    </failure>
  </testcase> <!-- deleteAcount -->
  <testcase classname="selenium.POM.ThreadLocal.testcases.S012.S0132_SortAccounts" name="sortAcount" time="21.968">
    <skipped/>
  </testcase> <!-- sortAcount -->
  <testcase classname="selenium.POM.ThreadLocal.testcases.S012.S0132_SortAccounts" name="sortAcount" time="27.864"/>
</testsuite> <!-- Firefox Test -->
