<html>
<head>
<title>TestNG:  FirefoxTest</title>
<link href="../testng.css" rel="stylesheet" type="text/css" />
<link href="../my-testng.css" rel="stylesheet" type="text/css" />

<style type="text/css">
.log { display: none;} 
.stack-trace { display: none;} 
</style>
<script type="text/javascript">
<!--
function flip(e) {
  current = e.style.display;
  if (current == 'block') {
    e.style.display = 'none';
    return 0;
  }
  else {
    e.style.display = 'block';
    return 1;
  }
}

function toggleBox(szDivId, elem, msg1, msg2)
{
  var res = -1;  if (document.getElementById) {
    res = flip(document.getElementById(szDivId));
  }
  else if (document.all) {
    // this is the way old msie versions work
    res = flip(document.all[szDivId]);
  }
  if(elem) {
    if(res == 0) elem.innerHTML = msg1; else elem.innerHTML = msg2;
  }

}

function toggleAllBoxes() {
  if (document.getElementsByTagName) {
    d = document.getElementsByTagName('div');
    for (i = 0; i < d.length; i++) {
      if (d[i].className == 'log') {
        flip(d[i]);
      }
    }
  }
}

// -->
</script>

</head>
<body>
<h2 align='center'>FirefoxTest</h2><table border='1' align="center">
<tr>
<td>Tests passed/Failed/Skipped:</td><td>10/1/1</td>
</tr><tr>
<td>Started on:</td><td>Sun Oct 31 13:52:44 IST 2021</td>
</tr>
<tr><td>Total time:</td><td>477 seconds (477446 ms)</td>
</tr><tr>
<td>Included groups:</td><td></td>
</tr><tr>
<td>Excluded groups:</td><td></td>
</tr>
</table><p/>
<small><i>(Hover the method name to see the test class name)</i></small><p/>
<table width='100%' border='1' class='invocation-failed'>
<tr><td colspan='4' align='center'><b>FAILED TESTS</b></td></tr>
<tr><td><b>Test method</b></td>
<td width="30%"><b>Exception</b></td>
<td width="10%"><b>Time (seconds)</b></td>
<td><b>Instance</b></td>
</tr>
<tr>
<td title='selenium.POM.ThreadLocal.testcases.S017.S0154_EditCase.editCase()'><b>editCase</b><br>Test class: selenium.POM.ThreadLocal.testcases.S017.S0154_EditCase<br>Parameters: 00001326, Phone, Working, Low</td>
<td><div><pre>org.openqa.selenium.ElementNotInteractableException: Element &lt;a href=&quot;javascript:void(0);&quot;&gt; could not be scrolled into view
Build info: version: &apos;4.0.0-rc-2&apos;, revision: &apos;8d1e4aa5ae&apos;
System info: host: &apos;DESKTOP-BI2JSEP&apos;, ip: &apos;192.168.0.186&apos;, os.name: &apos;Windows 10&apos;, os.arch: &apos;amd64&apos;, os.version: &apos;10.0&apos;, java.version: &apos;16.0.1&apos;
Driver info: org.openqa.selenium.firefox.FirefoxDriver
Command: [69ec8e3c-8387-41f9-88ec-41b68144c347, clickElement {id=38fb4885-2a82-4bd0-84db-e9067f9f49e9}]
Capabilities {acceptInsecureCerts: true, browserName: firefox, browserVersion: 93.0, javascriptEnabled: true, moz:accessibilityChecks: false, moz:buildID: 20210927210923, moz:debuggerAddress: localhost:35064, moz:geckodriverVersion: 0.30.0, moz:headless: false, moz:processID: 30632, moz:profile: C:\Users\velsp\AppData\Loca..., moz:shutdownTimeout: 60000, moz:useNonSpecCompliantPointerOrigin: false, moz:webdriverClick: true, pageLoadStrategy: normal, platform: WINDOWS, platformName: WINDOWS, platformVersion: 10.0, proxy: Proxy(), se:cdp: ws://localhost:35064/devtoo..., se:cdpVersion: 85, setWindowRect: true, strictFileInteractability: false, timeouts: {implicit: 0, pageLoad: 300000, script: 30000}, unhandledPromptBehavior: dismiss and notify}
Element: [[FirefoxDriver: firefox on WINDOWS (69ec8e3c-8387-41f9-88ec-41b68144c347)] -&gt; xpath: (//a[@title=&apos;Edit&apos;])]
Session ID: 69ec8e3c-8387-41f9-88ec-41b68144c347
	at java.base/jdk.internal.reflect.NativeConstructorAccessorImpl.newInstance0(Native Method)
	at java.base/jdk.internal.reflect.NativeConstructorAccessorImpl.newInstance(NativeConstructorAccessorImpl.java:78)
	at java.base/jdk.internal.reflect.DelegatingConstructorAccessorImpl.newInstance(DelegatingConstructorAccessorImpl.java:45)
	at java.base/java.lang.reflect.Constructor.newInstanceWithCaller(Constructor.java:499)
	at java.base/java.lang.reflect.Constructor.newInstance(Constructor.java:480)
	at org.openqa.selenium.remote.codec.w3c.W3CHttpResponseCodec.createException(W3CHttpResponseCodec.java:200)
	at org.openqa.selenium.remote.codec.w3c.W3CHttpResponseCodec.decode(W3CHttpResponseCodec.java:133)
	at org.openqa.selenium.remote.codec.w3c.W3CHttpResponseCodec.decode(W3CHttpResponseCodec.java:53)
	at org.openqa.selenium.remote.HttpCommandExecutor.execute(HttpCommandExecutor.java:184)
	at org.openqa.selenium.remote.service.DriverCommandExecutor.invokeExecute(DriverCommandExecutor.java:164)
	at org.openqa.selenium.remote.service.DriverCommandExecutor.execute(DriverCommandExecutor.java:139)
	at org.openqa.selenium.remote.RemoteWebDriver.execute(RemoteWebDriver.java:559)
	at org.openqa.selenium.remote.RemoteWebElement.execute(RemoteWebElement.java:251)
	at org.openqa.selenium.remote.RemoteWebElement.click(RemoteWebElement.java:77)
	at selenium.POM.ThreadLocal.pages.CasesPage.clickEdit(CasesPage.java:27)
	at selenium.POM.ThreadLocal.testcases.S017.S0154_EditCase.editCase(S0154_EditCase.java:46)
	at java.base/jdk.internal.reflect.NativeMethodAccessorImpl.invoke0(Native Method)
	at java.base/jdk.internal.reflect.NativeMethodAccessorImpl.invoke(NativeMethodAccessorImpl.java:78)
	at java.base/jdk.internal.reflect.DelegatingMethodAccessorImpl.invoke(DelegatingMethodAccessorImpl.java:43)
	at java.base/java.lang.reflect.Method.invoke(Method.java:567)
	at org.testng.internal.MethodInvocationHelper.invokeMethod(MethodInvocationHelper.java:133)
	at org.testng.internal.TestInvoker.invokeMethod(TestInvoker.java:598)
	at org.testng.internal.TestInvoker.retryFailed(TestInvoker.java:213)
	at org.testng.internal.MethodRunner.runInSequence(MethodRunner.java:58)
	at org.testng.internal.TestInvoker$MethodInvocationAgent.invoke(TestInvoker.java:824)
	at org.testng.internal.TestInvoker.invokeTestMethods(TestInvoker.java:146)
	at org.testng.internal.TestMethodWorker.invokeTestMethods(TestMethodWorker.java:146)
	at org.testng.internal.TestMethodWorker.run(TestMethodWorker.java:128)
	at java.base/java.util.ArrayList.forEach(ArrayList.java:1511)
	at org.testng.TestRunner.privateRun(TestRunner.java:794)
	at org.testng.TestRunner.run(TestRunner.java:596)
	at org.testng.SuiteRunner.runTest(SuiteRunner.java:377)
	at org.testng.SuiteRunner.access$000(SuiteRunner.java:28)
	at org.testng.SuiteRunner$SuiteWorker.run(SuiteRunner.java:418)
	at org.testng.internal.thread.ThreadUtil.lambda$execute$0(ThreadUtil.java:64)
	at java.base/java.util.concurrent.FutureTask.run(FutureTask.java:264)
	at java.base/java.util.concurrent.ThreadPoolExecutor.runWorker(ThreadPoolExecutor.java:1130)
	at java.base/java.util.concurrent.ThreadPoolExecutor$Worker.run(ThreadPoolExecutor.java:630)
	at java.base/java.lang.Thread.run(Thread.java:831)
</pre></div><a href='#' onClick='toggleBox("stack-trace67249559", this, "Click to show all stack frames", "Click to hide stack frames")'>Click to show all stack frames</a>
<div class='stack-trace' id='stack-trace67249559'><pre>org.openqa.selenium.ElementNotInteractableException: Element &lt;a href=&quot;javascript:void(0);&quot;&gt; could not be scrolled into view
Build info: version: &apos;4.0.0-rc-2&apos;, revision: &apos;8d1e4aa5ae&apos;
System info: host: &apos;DESKTOP-BI2JSEP&apos;, ip: &apos;192.168.0.186&apos;, os.name: &apos;Windows 10&apos;, os.arch: &apos;amd64&apos;, os.version: &apos;10.0&apos;, java.version: &apos;16.0.1&apos;
Driver info: org.openqa.selenium.firefox.FirefoxDriver
Command: [69ec8e3c-8387-41f9-88ec-41b68144c347, clickElement {id=38fb4885-2a82-4bd0-84db-e9067f9f49e9}]
Capabilities {acceptInsecureCerts: true, browserName: firefox, browserVersion: 93.0, javascriptEnabled: true, moz:accessibilityChecks: false, moz:buildID: 20210927210923, moz:debuggerAddress: localhost:35064, moz:geckodriverVersion: 0.30.0, moz:headless: false, moz:processID: 30632, moz:profile: C:\Users\velsp\AppData\Loca..., moz:shutdownTimeout: 60000, moz:useNonSpecCompliantPointerOrigin: false, moz:webdriverClick: true, pageLoadStrategy: normal, platform: WINDOWS, platformName: WINDOWS, platformVersion: 10.0, proxy: Proxy(), se:cdp: ws://localhost:35064/devtoo..., se:cdpVersion: 85, setWindowRect: true, strictFileInteractability: false, timeouts: {implicit: 0, pageLoad: 300000, script: 30000}, unhandledPromptBehavior: dismiss and notify}
Element: [[FirefoxDriver: firefox on WINDOWS (69ec8e3c-8387-41f9-88ec-41b68144c347)] -&gt; xpath: (//a[@title=&apos;Edit&apos;])]
Session ID: 69ec8e3c-8387-41f9-88ec-41b68144c347
	at java.base/jdk.internal.reflect.NativeConstructorAccessorImpl.newInstance0(Native Method)
	at java.base/jdk.internal.reflect.NativeConstructorAccessorImpl.newInstance(NativeConstructorAccessorImpl.java:78)
	at java.base/jdk.internal.reflect.DelegatingConstructorAccessorImpl.newInstance(DelegatingConstructorAccessorImpl.java:45)
	at java.base/java.lang.reflect.Constructor.newInstanceWithCaller(Constructor.java:499)
	at java.base/java.lang.reflect.Constructor.newInstance(Constructor.java:480)
	at org.openqa.selenium.remote.codec.w3c.W3CHttpResponseCodec.createException(W3CHttpResponseCodec.java:200)
	at org.openqa.selenium.remote.codec.w3c.W3CHttpResponseCodec.decode(W3CHttpResponseCodec.java:133)
	at org.openqa.selenium.remote.codec.w3c.W3CHttpResponseCodec.decode(W3CHttpResponseCodec.java:53)
	at org.openqa.selenium.remote.HttpCommandExecutor.execute(HttpCommandExecutor.java:184)
	at org.openqa.selenium.remote.service.DriverCommandExecutor.invokeExecute(DriverCommandExecutor.java:164)
	at org.openqa.selenium.remote.service.DriverCommandExecutor.execute(DriverCommandExecutor.java:139)
	at org.openqa.selenium.remote.RemoteWebDriver.execute(RemoteWebDriver.java:559)
	at org.openqa.selenium.remote.RemoteWebElement.execute(RemoteWebElement.java:251)
	at org.openqa.selenium.remote.RemoteWebElement.click(RemoteWebElement.java:77)
	at selenium.POM.ThreadLocal.pages.CasesPage.clickEdit(CasesPage.java:27)
	at selenium.POM.ThreadLocal.testcases.S017.S0154_EditCase.editCase(S0154_EditCase.java:46)
	at java.base/jdk.internal.reflect.NativeMethodAccessorImpl.invoke0(Native Method)
	at java.base/jdk.internal.reflect.NativeMethodAccessorImpl.invoke(NativeMethodAccessorImpl.java:78)
	at java.base/jdk.internal.reflect.DelegatingMethodAccessorImpl.invoke(DelegatingMethodAccessorImpl.java:43)
	at java.base/java.lang.reflect.Method.invoke(Method.java:567)
	at org.testng.internal.MethodInvocationHelper.invokeMethod(MethodInvocationHelper.java:133)
	at org.testng.internal.TestInvoker.invokeMethod(TestInvoker.java:598)
	at org.testng.internal.TestInvoker.retryFailed(TestInvoker.java:213)
	at org.testng.internal.MethodRunner.runInSequence(MethodRunner.java:58)
	at org.testng.internal.TestInvoker$MethodInvocationAgent.invoke(TestInvoker.java:824)
	at org.testng.internal.TestInvoker.invokeTestMethods(TestInvoker.java:146)
	at org.testng.internal.TestMethodWorker.invokeTestMethods(TestMethodWorker.java:146)
	at org.testng.internal.TestMethodWorker.run(TestMethodWorker.java:128)
	at java.base/java.util.ArrayList.forEach(ArrayList.java:1511)
	at org.testng.TestRunner.privateRun(TestRunner.java:794)
	at org.testng.TestRunner.run(TestRunner.java:596)
	at org.testng.SuiteRunner.runTest(SuiteRunner.java:377)
	at org.testng.SuiteRunner.access$000(SuiteRunner.java:28)
	at org.testng.SuiteRunner$SuiteWorker.run(SuiteRunner.java:418)
	at org.testng.internal.thread.ThreadUtil.lambda$execute$0(ThreadUtil.java:64)
	at java.base/java.util.concurrent.FutureTask.run(FutureTask.java:264)
	at java.base/java.util.concurrent.ThreadPoolExecutor.runWorker(ThreadPoolExecutor.java:1130)
	at java.base/java.util.concurrent.ThreadPoolExecutor$Worker.run(ThreadPoolExecutor.java:630)
	at java.base/java.lang.Thread.run(Thread.java:831)
</pre></div></td>
<td>20</td>
<td>selenium.POM.ThreadLocal.testcases.S017.S0154_EditCase@7bd7d6d6</td></tr>
</table><p>
<table width='100%' border='1' class='invocation-passed'>
<tr><td colspan='4' align='center'><b>PASSED TESTS</b></td></tr>
<tr><td><b>Test method</b></td>
<td width="30%"><b>Exception</b></td>
<td width="10%"><b>Time (seconds)</b></td>
<td><b>Instance</b></td>
</tr>
<tr>
<td title='selenium.POM.ThreadLocal.testcases.S017.S0155_DeleteCase.deleteCase()'><b>deleteCase</b><br>Test class: selenium.POM.ThreadLocal.testcases.S017.S0155_DeleteCase<br>Parameters: 00001326</td>
<td></td>
<td>18</td>
<td>selenium.POM.ThreadLocal.testcases.S017.S0155_DeleteCase@239a307b</td></tr>
<tr>
<td title='selenium.POM.ThreadLocal.testcases.S017.S0153_CreateNewCase.newCaseCreation()'><b>newCaseCreation</b><br>Test class: selenium.POM.ThreadLocal.testcases.S017.S0153_CreateNewCase<br>Parameters: Mrs., Sayoni, Dave, Web, On Hold, Dev, Dummy</td>
<td></td>
<td>28</td>
<td>selenium.POM.ThreadLocal.testcases.S017.S0153_CreateNewCase@eadd4fb</td></tr>
<tr>
<td title='selenium.POM.ThreadLocal.testcases.S017.S0154_EditCase.editCase()'><b>editCase</b><br>Test class: selenium.POM.ThreadLocal.testcases.S017.S0154_EditCase<br>Parameters: 00001323, Phone, Working, Low</td>
<td></td>
<td>24</td>
<td>selenium.POM.ThreadLocal.testcases.S017.S0154_EditCase@7bd7d6d6</td></tr>
<tr>
<td title='selenium.POM.ThreadLocal.testcases.S017.S0155_DeleteCase.deleteCase()'><b>deleteCase</b><br>Test class: selenium.POM.ThreadLocal.testcases.S017.S0155_DeleteCase<br>Parameters: 00001328</td>
<td></td>
<td>18</td>
<td>selenium.POM.ThreadLocal.testcases.S017.S0155_DeleteCase@239a307b</td></tr>
<tr>
<td title='selenium.POM.ThreadLocal.testcases.S017.S0153_CreateNewCase.newCaseCreation()'><b>newCaseCreation</b><br>Test class: selenium.POM.ThreadLocal.testcases.S017.S0153_CreateNewCase<br>Parameters: Mr., Velmurugan, Subramanian, Email, Escalated, Testing, Dummy</td>
<td></td>
<td>27</td>
<td>selenium.POM.ThreadLocal.testcases.S017.S0153_CreateNewCase@eadd4fb</td></tr>
<tr>
<td title='selenium.POM.ThreadLocal.testcases.S017.S0154_EditCase.editCase()'><b>editCase</b><br>Test class: selenium.POM.ThreadLocal.testcases.S017.S0154_EditCase<br>Parameters: 00001328, Email, In Progress, High</td>
<td></td>
<td>25</td>
<td>selenium.POM.ThreadLocal.testcases.S017.S0154_EditCase@7bd7d6d6</td></tr>
<tr>
<td title='selenium.POM.ThreadLocal.testcases.S017.S0156_CreateCasewithoutmandatoryfields.newCaseCreationNegative()'><b>newCaseCreationNegative</b><br>Test class: selenium.POM.ThreadLocal.testcases.S017.S0156_CreateCasewithoutmandatoryfields<br>Parameters: Mr., Velmurugan, Subramanian, None, Testing, Automation Testing</td>
<td></td>
<td>31</td>
<td>selenium.POM.ThreadLocal.testcases.S017.S0156_CreateCasewithoutmandatoryfields@5f8e8a9d</td></tr>
<tr>
<td title='selenium.POM.ThreadLocal.testcases.S017.S0153_CreateNewCase.newCaseCreation()'><b>newCaseCreation</b><br>Test class: selenium.POM.ThreadLocal.testcases.S017.S0153_CreateNewCase<br>Parameters: Dr., Rajesh, Kumar, Email, Escalated, Dev, Dummy</td>
<td></td>
<td>27</td>
<td>selenium.POM.ThreadLocal.testcases.S017.S0153_CreateNewCase@eadd4fb</td></tr>
<tr>
<td title='selenium.POM.ThreadLocal.testcases.S017.S0156_CreateCasewithoutmandatoryfields.newCaseCreationNegative()'><b>newCaseCreationNegative</b><br>Test class: selenium.POM.ThreadLocal.testcases.S017.S0156_CreateCasewithoutmandatoryfields<br>Parameters: Mr., Rajesh, Kumar, None, Dev, Backend Developer</td>
<td></td>
<td>30</td>
<td>selenium.POM.ThreadLocal.testcases.S017.S0156_CreateCasewithoutmandatoryfields@5f8e8a9d</td></tr>
<tr>
<td title='selenium.POM.ThreadLocal.testcases.S017.S0155_DeleteCase.deleteCase()'><b>deleteCase</b><br>Test class: selenium.POM.ThreadLocal.testcases.S017.S0155_DeleteCase<br>Parameters: 00001323</td>
<td></td>
<td>23</td>
<td>selenium.POM.ThreadLocal.testcases.S017.S0155_DeleteCase@239a307b</td></tr>
</table><p>
<table width='100%' border='1' class='invocation-skipped'>
<tr><td colspan='4' align='center'><b>SKIPPED TESTS</b></td></tr>
<tr><td><b>Test method</b></td>
<td width="30%"><b>Exception</b></td>
<td width="10%"><b>Time (seconds)</b></td>
<td><b>Instance</b></td>
</tr>
<tr>
<td title='selenium.POM.ThreadLocal.testcases.S017.S0154_EditCase.editCase()'><b>editCase</b><br>Test class: selenium.POM.ThreadLocal.testcases.S017.S0154_EditCase<br>Parameters: 00001326, Phone, Working, Low</td>
<td><div><pre>org.openqa.selenium.ElementClickInterceptedException: Element &lt;p class=&quot;al-app-tile-description&quot;&gt; is not clickable at point (776,459) because another element &lt;lightning-spinner class=&quot;slds-spinner_container&quot;&gt; obscures it
Build info: version: &apos;4.0.0-rc-2&apos;, revision: &apos;8d1e4aa5ae&apos;
System info: host: &apos;DESKTOP-BI2JSEP&apos;, ip: &apos;192.168.0.186&apos;, os.name: &apos;Windows 10&apos;, os.arch: &apos;amd64&apos;, os.version: &apos;10.0&apos;, java.version: &apos;16.0.1&apos;
Driver info: org.openqa.selenium.firefox.FirefoxDriver
Command: [102b3534-ae2d-40a4-9fa9-3fc87fc893b7, clickElement {id=ccd8a6a2-0582-4d72-812e-76ab8e03075c}]
Capabilities {acceptInsecureCerts: true, browserName: firefox, browserVersion: 93.0, javascriptEnabled: true, moz:accessibilityChecks: false, moz:buildID: 20210927210923, moz:debuggerAddress: localhost:16182, moz:geckodriverVersion: 0.30.0, moz:headless: false, moz:processID: 27360, moz:profile: C:\Users\velsp\AppData\Loca..., moz:shutdownTimeout: 60000, moz:useNonSpecCompliantPointerOrigin: false, moz:webdriverClick: true, pageLoadStrategy: normal, platform: WINDOWS, platformName: WINDOWS, platformVersion: 10.0, proxy: Proxy(), se:cdp: ws://localhost:16182/devtoo..., se:cdpVersion: 85, setWindowRect: true, strictFileInteractability: false, timeouts: {implicit: 0, pageLoad: 300000, script: 30000}, unhandledPromptBehavior: dismiss and notify}
Element: [[FirefoxDriver: firefox on WINDOWS (102b3534-ae2d-40a4-9fa9-3fc87fc893b7)] -&gt; xpath: //div[@class=&apos;slds-truncate&apos;]//p[contains(text(),&apos;Manage your sales&apos;)]]
Session ID: 102b3534-ae2d-40a4-9fa9-3fc87fc893b7
	at java.base/jdk.internal.reflect.NativeConstructorAccessorImpl.newInstance0(Native Method)
	at java.base/jdk.internal.reflect.NativeConstructorAccessorImpl.newInstance(NativeConstructorAccessorImpl.java:78)
	at java.base/jdk.internal.reflect.DelegatingConstructorAccessorImpl.newInstance(DelegatingConstructorAccessorImpl.java:45)
	at java.base/java.lang.reflect.Constructor.newInstanceWithCaller(Constructor.java:499)
	at java.base/java.lang.reflect.Constructor.newInstance(Constructor.java:480)
	at org.openqa.selenium.remote.codec.w3c.W3CHttpResponseCodec.createException(W3CHttpResponseCodec.java:200)
	at org.openqa.selenium.remote.codec.w3c.W3CHttpResponseCodec.decode(W3CHttpResponseCodec.java:133)
	at org.openqa.selenium.remote.codec.w3c.W3CHttpResponseCodec.decode(W3CHttpResponseCodec.java:53)
	at org.openqa.selenium.remote.HttpCommandExecutor.execute(HttpCommandExecutor.java:184)
	at org.openqa.selenium.remote.service.DriverCommandExecutor.invokeExecute(DriverCommandExecutor.java:164)
	at org.openqa.selenium.remote.service.DriverCommandExecutor.execute(DriverCommandExecutor.java:139)
	at org.openqa.selenium.remote.RemoteWebDriver.execute(RemoteWebDriver.java:559)
	at org.openqa.selenium.remote.RemoteWebElement.execute(RemoteWebElement.java:251)
	at org.openqa.selenium.remote.RemoteWebElement.click(RemoteWebElement.java:77)
	at selenium.POM.ThreadLocal.pages.HomePage.clickSales(HomePage.java:36)
	at selenium.POM.ThreadLocal.testcases.S017.S0154_EditCase.editCase(S0154_EditCase.java:42)
	at java.base/jdk.internal.reflect.NativeMethodAccessorImpl.invoke0(Native Method)
	at java.base/jdk.internal.reflect.NativeMethodAccessorImpl.invoke(NativeMethodAccessorImpl.java:78)
	at java.base/jdk.internal.reflect.DelegatingMethodAccessorImpl.invoke(DelegatingMethodAccessorImpl.java:43)
	at java.base/java.lang.reflect.Method.invoke(Method.java:567)
	at org.testng.internal.MethodInvocationHelper.invokeMethod(MethodInvocationHelper.java:133)
	at org.testng.internal.TestInvoker.invokeMethod(TestInvoker.java:598)
	at org.testng.internal.TestInvoker.invokeTestMethod(TestInvoker.java:173)
	at org.testng.internal.MethodRunner.runInSequence(MethodRunner.java:46)
	at org.testng.internal.TestInvoker$MethodInvocationAgent.invoke(TestInvoker.java:824)
	at org.testng.internal.TestInvoker.invokeTestMethods(TestInvoker.java:146)
	at org.testng.internal.TestMethodWorker.invokeTestMethods(TestMethodWorker.java:146)
	at org.testng.internal.TestMethodWorker.run(TestMethodWorker.java:128)
	at java.base/java.util.ArrayList.forEach(ArrayList.java:1511)
	at org.testng.TestRunner.privateRun(TestRunner.java:794)
	at org.testng.TestRunner.run(TestRunner.java:596)
	at org.testng.SuiteRunner.runTest(SuiteRunner.java:377)
	at org.testng.SuiteRunner.access$000(SuiteRunner.java:28)
	at org.testng.SuiteRunner$SuiteWorker.run(SuiteRunner.java:418)
	at org.testng.internal.thread.ThreadUtil.lambda$execute$0(ThreadUtil.java:64)
	at java.base/java.util.concurrent.FutureTask.run(FutureTask.java:264)
	at java.base/java.util.concurrent.ThreadPoolExecutor.runWorker(ThreadPoolExecutor.java:1130)
	at java.base/java.util.concurrent.ThreadPoolExecutor$Worker.run(ThreadPoolExecutor.java:630)
	at java.base/java.lang.Thread.run(Thread.java:831)
</pre></div><a href='#' onClick='toggleBox("stack-trace550345907", this, "Click to show all stack frames", "Click to hide stack frames")'>Click to show all stack frames</a>
<div class='stack-trace' id='stack-trace550345907'><pre>org.openqa.selenium.ElementClickInterceptedException: Element &lt;p class=&quot;al-app-tile-description&quot;&gt; is not clickable at point (776,459) because another element &lt;lightning-spinner class=&quot;slds-spinner_container&quot;&gt; obscures it
Build info: version: &apos;4.0.0-rc-2&apos;, revision: &apos;8d1e4aa5ae&apos;
System info: host: &apos;DESKTOP-BI2JSEP&apos;, ip: &apos;192.168.0.186&apos;, os.name: &apos;Windows 10&apos;, os.arch: &apos;amd64&apos;, os.version: &apos;10.0&apos;, java.version: &apos;16.0.1&apos;
Driver info: org.openqa.selenium.firefox.FirefoxDriver
Command: [102b3534-ae2d-40a4-9fa9-3fc87fc893b7, clickElement {id=ccd8a6a2-0582-4d72-812e-76ab8e03075c}]
Capabilities {acceptInsecureCerts: true, browserName: firefox, browserVersion: 93.0, javascriptEnabled: true, moz:accessibilityChecks: false, moz:buildID: 20210927210923, moz:debuggerAddress: localhost:16182, moz:geckodriverVersion: 0.30.0, moz:headless: false, moz:processID: 27360, moz:profile: C:\Users\velsp\AppData\Loca..., moz:shutdownTimeout: 60000, moz:useNonSpecCompliantPointerOrigin: false, moz:webdriverClick: true, pageLoadStrategy: normal, platform: WINDOWS, platformName: WINDOWS, platformVersion: 10.0, proxy: Proxy(), se:cdp: ws://localhost:16182/devtoo..., se:cdpVersion: 85, setWindowRect: true, strictFileInteractability: false, timeouts: {implicit: 0, pageLoad: 300000, script: 30000}, unhandledPromptBehavior: dismiss and notify}
Element: [[FirefoxDriver: firefox on WINDOWS (102b3534-ae2d-40a4-9fa9-3fc87fc893b7)] -&gt; xpath: //div[@class=&apos;slds-truncate&apos;]//p[contains(text(),&apos;Manage your sales&apos;)]]
Session ID: 102b3534-ae2d-40a4-9fa9-3fc87fc893b7
	at java.base/jdk.internal.reflect.NativeConstructorAccessorImpl.newInstance0(Native Method)
	at java.base/jdk.internal.reflect.NativeConstructorAccessorImpl.newInstance(NativeConstructorAccessorImpl.java:78)
	at java.base/jdk.internal.reflect.DelegatingConstructorAccessorImpl.newInstance(DelegatingConstructorAccessorImpl.java:45)
	at java.base/java.lang.reflect.Constructor.newInstanceWithCaller(Constructor.java:499)
	at java.base/java.lang.reflect.Constructor.newInstance(Constructor.java:480)
	at org.openqa.selenium.remote.codec.w3c.W3CHttpResponseCodec.createException(W3CHttpResponseCodec.java:200)
	at org.openqa.selenium.remote.codec.w3c.W3CHttpResponseCodec.decode(W3CHttpResponseCodec.java:133)
	at org.openqa.selenium.remote.codec.w3c.W3CHttpResponseCodec.decode(W3CHttpResponseCodec.java:53)
	at org.openqa.selenium.remote.HttpCommandExecutor.execute(HttpCommandExecutor.java:184)
	at org.openqa.selenium.remote.service.DriverCommandExecutor.invokeExecute(DriverCommandExecutor.java:164)
	at org.openqa.selenium.remote.service.DriverCommandExecutor.execute(DriverCommandExecutor.java:139)
	at org.openqa.selenium.remote.RemoteWebDriver.execute(RemoteWebDriver.java:559)
	at org.openqa.selenium.remote.RemoteWebElement.execute(RemoteWebElement.java:251)
	at org.openqa.selenium.remote.RemoteWebElement.click(RemoteWebElement.java:77)
	at selenium.POM.ThreadLocal.pages.HomePage.clickSales(HomePage.java:36)
	at selenium.POM.ThreadLocal.testcases.S017.S0154_EditCase.editCase(S0154_EditCase.java:42)
	at java.base/jdk.internal.reflect.NativeMethodAccessorImpl.invoke0(Native Method)
	at java.base/jdk.internal.reflect.NativeMethodAccessorImpl.invoke(NativeMethodAccessorImpl.java:78)
	at java.base/jdk.internal.reflect.DelegatingMethodAccessorImpl.invoke(DelegatingMethodAccessorImpl.java:43)
	at java.base/java.lang.reflect.Method.invoke(Method.java:567)
	at org.testng.internal.MethodInvocationHelper.invokeMethod(MethodInvocationHelper.java:133)
	at org.testng.internal.TestInvoker.invokeMethod(TestInvoker.java:598)
	at org.testng.internal.TestInvoker.invokeTestMethod(TestInvoker.java:173)
	at org.testng.internal.MethodRunner.runInSequence(MethodRunner.java:46)
	at org.testng.internal.TestInvoker$MethodInvocationAgent.invoke(TestInvoker.java:824)
	at org.testng.internal.TestInvoker.invokeTestMethods(TestInvoker.java:146)
	at org.testng.internal.TestMethodWorker.invokeTestMethods(TestMethodWorker.java:146)
	at org.testng.internal.TestMethodWorker.run(TestMethodWorker.java:128)
	at java.base/java.util.ArrayList.forEach(ArrayList.java:1511)
	at org.testng.TestRunner.privateRun(TestRunner.java:794)
	at org.testng.TestRunner.run(TestRunner.java:596)
	at org.testng.SuiteRunner.runTest(SuiteRunner.java:377)
	at org.testng.SuiteRunner.access$000(SuiteRunner.java:28)
	at org.testng.SuiteRunner$SuiteWorker.run(SuiteRunner.java:418)
	at org.testng.internal.thread.ThreadUtil.lambda$execute$0(ThreadUtil.java:64)
	at java.base/java.util.concurrent.FutureTask.run(FutureTask.java:264)
	at java.base/java.util.concurrent.ThreadPoolExecutor.runWorker(ThreadPoolExecutor.java:1130)
	at java.base/java.util.concurrent.ThreadPoolExecutor$Worker.run(ThreadPoolExecutor.java:630)
	at java.base/java.lang.Thread.run(Thread.java:831)
</pre></div></td>
<td>15</td>
<td>selenium.POM.ThreadLocal.testcases.S017.S0154_EditCase@7bd7d6d6</td></tr>
</table><p>
</body>
</html>