<?xml version="1.0" encoding="UTF-8"?>
<!-- Generated by org.testng.reporters.JUnitXMLReporter -->
<testsuite ignored="0" hostname="DESKTOP-BI2JSEP" failures="1" tests="12" name="FirefoxTest" time="522.557" errors="0" timestamp="2021-10-30T10:41:38 IST">
  <testcase classname="selenium.POM.ThreadLocal.testcases.S017.S0153_CreateNewCase" name="newCaseCreation" time="28.492"/>
  <testcase classname="selenium.POM.ThreadLocal.testcases.S017.S0153_CreateNewCase" name="newCaseCreation" time="27.813"/>
  <testcase classname="selenium.POM.ThreadLocal.testcases.S017.S0153_CreateNewCase" name="newCaseCreation" time="33.594"/>
  <testcase classname="selenium.POM.ThreadLocal.testcases.S017.S0156_CreateCasewithoutmandatoryfields" name="newCaseCreationNegative" time="30.773"/>
  <testcase classname="selenium.POM.ThreadLocal.testcases.S017.S0156_CreateCasewithoutmandatoryfields" name="newCaseCreationNegative" time="32.913"/>
  <testcase classname="selenium.POM.ThreadLocal.testcases.S017.S0154_EditCase" name="editCase" time="21.472">
    <skipped/>
  </testcase> <!-- editCase -->
  <testcase classname="selenium.POM.ThreadLocal.testcases.S017.S0154_EditCase" name="editCase" time="27.236">
    <failure type="org.openqa.selenium.StaleElementReferenceException" message="The element reference of &amp;lt;span class=&amp;quot;slds-truncate&amp;quot;&amp;gt; is stale; either the element is no longer attached to the DOM, it is not in the current frame context, or the document has been refreshed
For documentation on this error, please visit: https://selenium.dev/exceptions/#stale_element_reference
Build info: version: &amp;apos;4.0.0-rc-2&amp;apos;, revision: &amp;apos;8d1e4aa5ae&amp;apos;
System info: host: &amp;apos;DESKTOP-BI2JSEP&amp;apos;, ip: &amp;apos;192.168.0.186&amp;apos;, os.name: &amp;apos;Windows 10&amp;apos;, os.arch: &amp;apos;amd64&amp;apos;, os.version: &amp;apos;10.0&amp;apos;, java.version: &amp;apos;16.0.1&amp;apos;
Driver info: org.openqa.selenium.firefox.FirefoxDriver
Command: [6f8fe89e-38aa-4b6d-9725-402ff1790da5, getElementText {id=4b58d336-56b6-41ae-88c7-fb5e4c8d58a3}]
Capabilities {acceptInsecureCerts: true, browserName: firefox, browserVersion: 92.0, javascriptEnabled: true, moz:accessibilityChecks: false, moz:buildID: 20210903235534, moz:debuggerAddress: localhost:17240, moz:geckodriverVersion: 0.30.0, moz:headless: false, moz:processID: 21728, moz:profile: C:\Users\velsp\AppData\Loca..., moz:shutdownTimeout: 60000, moz:useNonSpecCompliantPointerOrigin: false, moz:webdriverClick: true, pageLoadStrategy: normal, platform: WINDOWS, platformName: WINDOWS, platformVersion: 10.0, proxy: Proxy(), se:cdp: ws://localhost:17240/devtoo..., se:cdpVersion: 85, setWindowRect: true, strictFileInteractability: false, timeouts: {implicit: 0, pageLoad: 300000, script: 30000}, unhandledPromptBehavior: dismiss and notify}
Element: [[FirefoxDriver: firefox on WINDOWS (6f8fe89e-38aa-4b6d-9725-402ff1790da5)] -&amp;gt; xpath: //th//a[text()=&amp;apos;00001295&amp;apos;]/ancestor::tr/td[4]//span[@class=&amp;apos;slds-truncate&amp;apos;]]
Session ID: 6f8fe89e-38aa-4b6d-9725-402ff1790da5">
      <![CDATA[org.openqa.selenium.StaleElementReferenceException: The element reference of <span class="slds-truncate"> is stale; either the element is no longer attached to the DOM, it is not in the current frame context, or the document has been refreshed
For documentation on this error, please visit: https://selenium.dev/exceptions/#stale_element_reference
Build info: version: '4.0.0-rc-2', revision: '8d1e4aa5ae'
System info: host: 'DESKTOP-BI2JSEP', ip: '192.168.0.186', os.name: 'Windows 10', os.arch: 'amd64', os.version: '10.0', java.version: '16.0.1'
Driver info: org.openqa.selenium.firefox.FirefoxDriver
Command: [6f8fe89e-38aa-4b6d-9725-402ff1790da5, getElementText {id=4b58d336-56b6-41ae-88c7-fb5e4c8d58a3}]
Capabilities {acceptInsecureCerts: true, browserName: firefox, browserVersion: 92.0, javascriptEnabled: true, moz:accessibilityChecks: false, moz:buildID: 20210903235534, moz:debuggerAddress: localhost:17240, moz:geckodriverVersion: 0.30.0, moz:headless: false, moz:processID: 21728, moz:profile: C:\Users\velsp\AppData\Loca..., moz:shutdownTimeout: 60000, moz:useNonSpecCompliantPointerOrigin: false, moz:webdriverClick: true, pageLoadStrategy: normal, platform: WINDOWS, platformName: WINDOWS, platformVersion: 10.0, proxy: Proxy(), se:cdp: ws://localhost:17240/devtoo..., se:cdpVersion: 85, setWindowRect: true, strictFileInteractability: false, timeouts: {implicit: 0, pageLoad: 300000, script: 30000}, unhandledPromptBehavior: dismiss and notify}
Element: [[FirefoxDriver: firefox on WINDOWS (6f8fe89e-38aa-4b6d-9725-402ff1790da5)] -> xpath: //th//a[text()='00001295']/ancestor::tr/td[4]//span[@class='slds-truncate']]
Session ID: 6f8fe89e-38aa-4b6d-9725-402ff1790da5
at java.base/jdk.internal.reflect.NativeConstructorAccessorImpl.newInstance0(Native Method)
at java.base/jdk.internal.reflect.NativeConstructorAccessorImpl.newInstance(NativeConstructorAccessorImpl.java:78)
at java.base/jdk.internal.reflect.DelegatingConstructorAccessorImpl.newInstance(DelegatingConstructorAccessorImpl.java:45)
at java.base/java.lang.reflect.Constructor.newInstanceWithCaller(Constructor.java:499)
at java.base/java.lang.reflect.Constructor.newInstance(Constructor.java:480)
at org.openqa.selenium.remote.codec.w3c.W3CHttpResponseCodec.createException(W3CHttpResponseCodec.java:200)
at org.openqa.selenium.remote.codec.w3c.W3CHttpResponseCodec.decode(W3CHttpResponseCodec.java:133)
at org.openqa.selenium.remote.codec.w3c.W3CHttpResponseCodec.decode(W3CHttpResponseCodec.java:53)
at org.openqa.selenium.remote.HttpCommandExecutor.execute(HttpCommandExecutor.java:184)
at org.openqa.selenium.remote.service.DriverCommandExecutor.invokeExecute(DriverCommandExecutor.java:164)
at org.openqa.selenium.remote.service.DriverCommandExecutor.execute(DriverCommandExecutor.java:139)
at org.openqa.selenium.remote.RemoteWebDriver.execute(RemoteWebDriver.java:559)
at org.openqa.selenium.remote.RemoteWebElement.execute(RemoteWebElement.java:251)
at org.openqa.selenium.remote.RemoteWebElement.getText(RemoteWebElement.java:201)
at selenium.POM.ThreadLocal.pages.CasesPage.verifyStatusIsChanged(CasesPage.java:66)
at selenium.POM.ThreadLocal.testcases.S017.S0154_EditCase.editCase(S0154_EditCase.java:54)
at java.base/jdk.internal.reflect.NativeMethodAccessorImpl.invoke0(Native Method)
at java.base/jdk.internal.reflect.NativeMethodAccessorImpl.invoke(NativeMethodAccessorImpl.java:78)
at java.base/jdk.internal.reflect.DelegatingMethodAccessorImpl.invoke(DelegatingMethodAccessorImpl.java:43)
at java.base/java.lang.reflect.Method.invoke(Method.java:567)
at org.testng.internal.MethodInvocationHelper.invokeMethod(MethodInvocationHelper.java:133)
at org.testng.internal.TestInvoker.invokeMethod(TestInvoker.java:598)
at org.testng.internal.TestInvoker.retryFailed(TestInvoker.java:213)
at org.testng.internal.MethodRunner.runInSequence(MethodRunner.java:58)
at org.testng.internal.TestInvoker$MethodInvocationAgent.invoke(TestInvoker.java:824)
at org.testng.internal.TestInvoker.invokeTestMethods(TestInvoker.java:146)
at org.testng.internal.TestMethodWorker.invokeTestMethods(TestMethodWorker.java:146)
at org.testng.internal.TestMethodWorker.run(TestMethodWorker.java:128)
at java.base/java.util.ArrayList.forEach(ArrayList.java:1511)
at org.testng.TestRunner.privateRun(TestRunner.java:794)
at org.testng.TestRunner.run(TestRunner.java:596)
at org.testng.SuiteRunner.runTest(SuiteRunner.java:377)
at org.testng.SuiteRunner.access$000(SuiteRunner.java:28)
at org.testng.SuiteRunner$SuiteWorker.run(SuiteRunner.java:418)
at org.testng.internal.thread.ThreadUtil.lambda$execute$0(ThreadUtil.java:64)
at java.base/java.util.concurrent.FutureTask.run(FutureTask.java:264)
at java.base/java.util.concurrent.ThreadPoolExecutor.runWorker(ThreadPoolExecutor.java:1130)
at java.base/java.util.concurrent.ThreadPoolExecutor$Worker.run(ThreadPoolExecutor.java:630)
at java.base/java.lang.Thread.run(Thread.java:831)
]]>
    </failure>
  </testcase> <!-- editCase -->
  <testcase classname="selenium.POM.ThreadLocal.testcases.S017.S0154_EditCase" name="editCase" time="24.891"/>
  <testcase classname="selenium.POM.ThreadLocal.testcases.S017.S0154_EditCase" name="editCase" time="26.336"/>
  <testcase classname="selenium.POM.ThreadLocal.testcases.S017.S0155_DeleteCase" name="deleteCase" time="23.177"/>
  <testcase classname="selenium.POM.ThreadLocal.testcases.S017.S0155_DeleteCase" name="deleteCase" time="23.19"/>
  <testcase classname="selenium.POM.ThreadLocal.testcases.S017.S0155_DeleteCase" name="deleteCase" time="19.277"/>
</testsuite> <!-- FirefoxTest -->
